<?xml version="1.0" encoding="UTF-8"?>
<testng-results ignored="0" total="13" passed="12" failed="1" skipped="0">
  <reporter-output>
  </reporter-output>
  <suite started-at="2023-07-01T14:28:54 GMT+05:30" name="Default suite" finished-at="2023-07-01T14:28:56 GMT+05:30" duration-ms="2442">
    <groups>
    </groups>
    <test started-at="2023-07-01T14:28:54 GMT+05:30" name="Default test" finished-at="2023-07-01T14:28:56 GMT+05:30" duration-ms="2442">
      <class name="soucedemo.TestClasses.Practice">
        <test-method signature="testA()[pri:-10, instance:soucedemo.TestClasses.Practice@7c7a06ec]" started-at="2023-07-01T14:28:54 GMT+05:30" name="testA" finished-at="2023-07-01T14:28:54 GMT+05:30" duration-ms="31" status="PASS">
          <reporter-output>
          </reporter-output>
        </test-method> <!-- testA -->
        <test-method signature="testA()[pri:-10, instance:soucedemo.TestClasses.Practice@7c7a06ec]" started-at="2023-07-01T14:28:54 GMT+05:30" name="testA" finished-at="2023-07-01T14:28:54 GMT+05:30" duration-ms="7" status="PASS">
          <reporter-output>
          </reporter-output>
        </test-method> <!-- testA -->
        <test-method signature="testA()[pri:-10, instance:soucedemo.TestClasses.Practice@7c7a06ec]" started-at="2023-07-01T14:28:54 GMT+05:30" name="testA" finished-at="2023-07-01T14:28:54 GMT+05:30" duration-ms="9" status="PASS">
          <reporter-output>
          </reporter-output>
        </test-method> <!-- testA -->
        <test-method signature="loginTest()[pri:0, instance:soucedemo.TestClasses.Practice@7c7a06ec]" started-at="2023-07-01T14:28:54 GMT+05:30" name="loginTest" finished-at="2023-07-01T14:28:54 GMT+05:30" duration-ms="5" status="PASS">
          <reporter-output>
          </reporter-output>
        </test-method> <!-- loginTest -->
        <test-method signature="productAddToCart()[pri:0, instance:soucedemo.TestClasses.Practice@7c7a06ec]" started-at="2023-07-01T14:28:54 GMT+05:30" name="productAddToCart" finished-at="2023-07-01T14:28:54 GMT+05:30" depends-on-methods="soucedemo.TestClasses.Practice.loginTest" duration-ms="5" status="PASS">
          <reporter-output>
          </reporter-output>
        </test-method> <!-- productAddToCart -->
        <test-method signature="testD()[pri:0, instance:soucedemo.TestClasses.Practice@7c7a06ec]" started-at="2023-07-01T14:28:54 GMT+05:30" name="testD" finished-at="2023-07-01T14:28:54 GMT+05:30" duration-ms="5" status="PASS">
          <reporter-output>
          </reporter-output>
        </test-method> <!-- testD -->
        <test-method signature="testE()[pri:0, instance:soucedemo.TestClasses.Practice@7c7a06ec]" started-at="2023-07-01T14:28:54 GMT+05:30" name="testE" finished-at="2023-07-01T14:28:54 GMT+05:30" depends-on-methods="soucedemo.TestClasses.Practice.testD" duration-ms="8" status="PASS">
          <reporter-output>
          </reporter-output>
        </test-method> <!-- testE -->
        <test-method signature="testF()[pri:0, instance:soucedemo.TestClasses.Practice@7c7a06ec]" started-at="2023-07-01T14:28:54 GMT+05:30" name="testF" finished-at="2023-07-01T14:28:56 GMT+05:30" duration-ms="2034" status="FAIL">
          <exception class="org.testng.internal.thread.ThreadTimeoutException">
            <message>
              <![CDATA[Method soucedemo.TestClasses.Practice.testF() didn't finish within the time-out 2000]]>
            </message>
            <full-stacktrace>
              <![CDATA[org.testng.internal.thread.ThreadTimeoutException: Method soucedemo.TestClasses.Practice.testF() didn't finish within the time-out 2000
at java.base@18/java.lang.Thread.sleep(Native Method)
at app//soucedemo.TestClasses.Practice.testF(Practice.java:68)
at java.base@18/java.lang.invoke.LambdaForm$DMH/0x0000000800d15c00.invokeVirtual(LambdaForm$DMH)
at java.base@18/java.lang.invoke.LambdaForm$MH/0x0000000800d18400.invoke(LambdaForm$MH)
at java.base@18/java.lang.invoke.Invokers$Holder.invokeExact_MT(Invokers$Holder)
at java.base@18/jdk.internal.reflect.DirectMethodHandleAccessor.invokeImpl(DirectMethodHandleAccessor.java:154)
at java.base@18/jdk.internal.reflect.DirectMethodHandleAccessor.invoke(DirectMethodHandleAccessor.java:104)
at java.base@18/java.lang.reflect.Method.invoke(Method.java:577)
at app//org.testng.internal.invokers.MethodInvocationHelper.invokeMethod(MethodInvocationHelper.java:139)
at app//org.testng.internal.invokers.InvokeMethodRunnable.runOne(InvokeMethodRunnable.java:47)
at app//org.testng.internal.invokers.InvokeMethodRunnable.call(InvokeMethodRunnable.java:76)
at app//org.testng.internal.invokers.InvokeMethodRunnable.call(InvokeMethodRunnable.java:11)
at java.base@18/java.util.concurrent.FutureTask.run(FutureTask.java:264)
at java.base@18/java.util.concurrent.ThreadPoolExecutor.runWorker(ThreadPoolExecutor.java:1136)
at java.base@18/java.util.concurrent.ThreadPoolExecutor$Worker.run(ThreadPoolExecutor.java:635)
at java.base@18/java.lang.Thread.run(Thread.java:833)
]]>
            </full-stacktrace>
          </exception> <!-- org.testng.internal.thread.ThreadTimeoutException -->
          <reporter-output>
          </reporter-output>
        </test-method> <!-- testF -->
        <test-method signature="Btest()[pri:1, instance:soucedemo.TestClasses.Practice@7c7a06ec]" started-at="2023-07-01T14:28:56 GMT+05:30" name="Btest" finished-at="2023-07-01T14:28:56 GMT+05:30" duration-ms="9" status="PASS">
          <reporter-output>
          </reporter-output>
        </test-method> <!-- Btest -->
        <test-method signature="testB()[pri:1, instance:soucedemo.TestClasses.Practice@7c7a06ec]" started-at="2023-07-01T14:28:56 GMT+05:30" name="testB" finished-at="2023-07-01T14:28:56 GMT+05:30" duration-ms="11" status="PASS">
          <reporter-output>
          </reporter-output>
        </test-method> <!-- testB -->
        <test-method signature="Atest()[pri:10, instance:soucedemo.TestClasses.Practice@7c7a06ec]" started-at="2023-07-01T14:28:56 GMT+05:30" name="Atest" finished-at="2023-07-01T14:28:56 GMT+05:30" duration-ms="6" status="PASS">
          <reporter-output>
          </reporter-output>
        </test-method> <!-- Atest -->
        <test-method signature="Dtest()[pri:0, instance:soucedemo.TestClasses.Practice@7c7a06ec]" started-at="2023-07-01T14:28:56 GMT+05:30" name="Dtest" finished-at="2023-07-01T14:28:56 GMT+05:30" depends-on-methods="soucedemo.TestClasses.Practice.Atest" duration-ms="14" status="PASS">
          <reporter-output>
          </reporter-output>
        </test-method> <!-- Dtest -->
        <test-method signature="Ctest()[pri:0, instance:soucedemo.TestClasses.Practice@7c7a06ec]" started-at="2023-07-01T14:28:56 GMT+05:30" name="Ctest" finished-at="2023-07-01T14:28:56 GMT+05:30" depends-on-methods="soucedemo.TestClasses.Practice.Dtest" duration-ms="14" status="PASS">
          <reporter-output>
          </reporter-output>
        </test-method> <!-- Ctest -->
      </class> <!-- soucedemo.TestClasses.Practice -->
    </test> <!-- Default test -->
  </suite> <!-- Default suite -->
</testng-results>
